<?xml version="1.0" encoding="UTF-8"?>
<testsuite xmlns:xsi="http://www.w3.org/2001/XMLSchema-instance" xsi:noNamespaceSchemaLocation="https://maven.apache.org/surefire/maven-surefire-plugin/xsd/surefire-test-report-3.0.xsd" version="3.0" name="com.inventory.internship_inventory_management.InternshipInventoryManagementApplicationTests" time="11.765" tests="1" errors="0" skipped="0" failures="0">
  <properties>
[...]
</properties>
  <testcase name="contextLoads" classname="com.inventory.internship_inventory_management.InternshipInventoryManagementApplicationTests" time="0.73">>
    <system-out<<![CDATA[02:14:06.746 [main] INFO org.springframework.test.context.support.AnnotationConfigContextLoaderUtils -- Could not detect default configuration classes for test class [com.inventory.internship_inventory_management.InternshipInventoryManagementApplicationTests]: InternshipInventoryManagementApplicationTests does not declare any static, non-private, non-final, nested classes annotated with @Configuration.
02:14:06.914 [main] INFO org.springframework.boot.test.context.SpringBootTestContextBootstrapper -- Found @SpringBootConfiguration com.inventory.internship_inventory_management.InternshipInventoryManagementApplication for test class com.inventory.internship_inventory_management.InternshipInventoryManagementApplicationTests

  .   ____          _            __ _ _
 /\\ / ___'_ __ _ _(_)_ __  __ _ \ \ \ \
( ( )\___ | '_ | '_| | '_ \/ _` | \ \ \ \
 \\/  ___)| |_)| | | | | || (_| |  ) ) ) )
  '  |____| .__|_| |_|_| |_\__, | / / / /
 =========|_|==============|___/=/_/_/_/

 :: Spring Boot ::                (v3.3.3)

2024-09-20T02:14:07.638-07:00  INFO 22568 --- [Internship_Inventory_Management] [           main] nshipInventoryManagementApplicationTests : Starting InternshipInventoryManagementApplicationTests using Java 17.0.2 with PID 22568 (started by C in C:\Users\C\Documents\project\Internship_Inventory_Management)
2024-09-20T02:14:07.642-07:00  INFO 22568 --- [Internship_Inventory_Management] [           main] nshipInventoryManagementApplicationTests : No active profile set, falling back to 1 default profile: "default"
2024-09-20T02:14:07.747-07:00 DEBUG 22568 --- [Internship_Inventory_Management] [           main] o.s.w.c.s.GenericWebApplicationContext   : Refreshing org.springframework.web.context.support.GenericWebApplicationContext@3e587920
2024-09-20T02:14:09.014-07:00  INFO 22568 --- [Internship_Inventory_Management] [           main] .s.d.r.c.RepositoryConfigurationDelegate : Bootstrapping Spring Data JPA repositories in DEFAULT mode.
2024-09-20T02:14:09.203-07:00  INFO 22568 --- [Internship_Inventory_Management] [           main] .s.d.r.c.RepositoryConfigurationDelegate : Finished Spring Data repository scanning in 166 ms. Found 1 JPA repository interface.
2024-09-20T02:14:10.462-07:00  INFO 22568 --- [Internship_Inventory_Management] [           main] o.hibernate.jpa.internal.util.LogHelper  : HHH000204: Processing PersistenceUnitInfo [name: default]
2024-09-20T02:14:10.627-07:00  INFO 22568 --- [Internship_Inventory_Management] [           main] org.hibernate.Version                    : HHH000412: Hibernate ORM core version 6.5.2.Final
2024-09-20T02:14:10.698-07:00  INFO 22568 --- [Internship_Inventory_Management] [           main] o.h.c.internal.RegionFactoryInitiator    : HHH000026: Second-level cache disabled
2024-09-20T02:14:11.284-07:00  INFO 22568 --- [Internship_Inventory_Management] [           main] o.s.o.j.p.SpringPersistenceUnitInfo      : No LoadTimeWeaver setup: ignoring JPA class transformer
2024-09-20T02:14:11.330-07:00  INFO 22568 --- [Internship_Inventory_Management] [           main] com.zaxxer.hikari.HikariDataSource       : HikariPool-1 - Starting...
2024-09-20T02:14:12.561-07:00  INFO 22568 --- [Internship_Inventory_Management] [           main] com.zaxxer.hikari.pool.HikariPool        : HikariPool-1 - Added connection com.mysql.cj.jdbc.ConnectionImpl@6313b441
2024-09-20T02:14:12.563-07:00  INFO 22568 --- [Internship_Inventory_Management] [           main] com.zaxxer.hikari.HikariDataSource       : HikariPool-1 - Start completed.
2024-09-20T02:14:12.678-07:00  WARN 22568 --- [Internship_Inventory_Management] [           main] org.hibernate.orm.deprecation            : HHH90000025: MySQL8Dialect does not need to be specified explicitly using 'hibernate.dialect' (remove the property setting and it will be selected by default)
2024-09-20T02:14:12.679-07:00  WARN 22568 --- [Internship_Inventory_Management] [           main] org.hibernate.orm.deprecation            : HHH90000026: MySQL8Dialect has been deprecated; use org.hibernate.dialect.MySQLDialect instead
2024-09-20T02:14:13.855-07:00  INFO 22568 --- [Internship_Inventory_Management] [           main] o.h.e.t.j.p.i.JtaPlatformInitiator       : HHH000489: No JTA platform available (set 'hibernate.transaction.jta.platform' to enable JTA platform integration)
2024-09-20T02:14:14.278-07:00  INFO 22568 --- [Internship_Inventory_Management] [           main] j.LocalContainerEntityManagerFactoryBean : Initialized JPA EntityManagerFactory for persistence unit 'default'
2024-09-20T02:14:15.799-07:00  WARN 22568 --- [Internship_Inventory_Management] [           main] JpaBaseConfiguration$JpaWebConfiguration : spring.jpa.open-in-view is enabled by default. Therefore, database queries may be performed during view rendering. Explicitly configure spring.jpa.open-in-view to disable this warning
2024-09-20T02:14:16.296-07:00 DEBUG 22568 --- [Internship_Inventory_Management] [           main] s.w.s.m.m.a.RequestMappingHandlerMapping : 9 mappings in 'requestMappingHandlerMapping'
2024-09-20T02:14:16.721-07:00 DEBUG 22568 --- [Internship_Inventory_Management] [           main] o.s.w.s.handler.SimpleUrlHandlerMapping  : Patterns [/webjars/**, /**] in 'resourceHandlerMapping'
2024-09-20T02:14:16.858-07:00 DEBUG 22568 --- [Internship_Inventory_Management] [           main] s.w.s.m.m.a.RequestMappingHandlerAdapter : ControllerAdvice beans: 0 @ModelAttribute, 0 @InitBinder, 1 RequestBodyAdvice, 1 ResponseBodyAdvice
2024-09-20T02:14:16.992-07:00 DEBUG 22568 --- [Internship_Inventory_Management] [           main] .m.m.a.ExceptionHandlerExceptionResolver : ControllerAdvice beans: 0 @ExceptionHandler, 1 ResponseBodyAdvice
2024-09-20T02:14:17.383-07:00  INFO 22568 --- [Internship_Inventory_Management] [           main] nshipInventoryManagementApplicationTests : Started InternshipInventoryManagementApplicationTests in 10.165 seconds (process running for 11.982)
]]</system-out>

  </testcase>
</testsuite>